0 info it worked if it ends with ok
1 verbose cli [ 'C:\\Program Files\\nodejs\\node.exe',
1 verbose cli   'C:\\Program Files\\nodejs\\node_modules\\npm\\bin\\npm-cli.js',
1 verbose cli   'publish' ]
2 info using npm@2.14.4
3 info using node@v4.1.2
4 verbose publish [ '.' ]
5 silly cache add args [ '.', null ]
6 verbose cache add spec .
7 silly cache add parsed spec Result {
7 silly cache add   raw: '.',
7 silly cache add   scope: null,
7 silly cache add   name: null,
7 silly cache add   rawSpec: '.',
7 silly cache add   spec: 'E:\\_Learning & Cources\\_Web Development Cources\\_EggHead.IO\\JavaScript-Write an Open Source JavaScript Library\\project',
7 silly cache add   type: 'directory' }
8 verbose addLocalDirectory C:\Users\courtaks\AppData\Roaming\npm-cache\RetreveNumbers\1.0.0\package.tgz not in flight; packing
9 verbose tar pack [ 'C:\\Users\\courtaks\\AppData\\Roaming\\npm-cache\\RetreveNumbers\\1.0.0\\package.tgz',
9 verbose tar pack   'E:\\_Learning & Cources\\_Web Development Cources\\_EggHead.IO\\JavaScript-Write an Open Source JavaScript Library\\project' ]
10 verbose tarball C:\Users\courtaks\AppData\Roaming\npm-cache\RetreveNumbers\1.0.0\package.tgz
11 verbose folder E:\_Learning & Cources\_Web Development Cources\_EggHead.IO\JavaScript-Write an Open Source JavaScript Library\project
12 info prepublish RetreveNumbers@1.0.0
13 verbose addLocalTarball adding from inside cache C:\Users\courtaks\AppData\Roaming\npm-cache\RetreveNumbers\1.0.0\package.tgz
14 silly cache afterAdd RetreveNumbers@1.0.0
15 verbose afterAdd C:\Users\courtaks\AppData\Roaming\npm-cache\RetreveNumbers\1.0.0\package\package.json not in flight; writing
16 verbose afterAdd C:\Users\courtaks\AppData\Roaming\npm-cache\RetreveNumbers\1.0.0\package\package.json written
17 silly publish { name: 'RetreveNumbers',
17 silly publish   version: '1.0.0',
17 silly publish   description: 'Give You a specific number in a string format',
17 silly publish   main: 'src/index.js',
17 silly publish   scripts: { test: 'echo "Error: no test specified" && exit 1' },
17 silly publish   repository:
17 silly publish    { type: 'git',
17 silly publish      url: 'git+https://github.com/Ahmed-Badawy/Write-an-Open-Source-JavaScript-Library.git' },
17 silly publish   author:
17 silly publish    { name: 'Ahmed-Badawy',
17 silly publish      email: 'me@ahmed-badawy.com',
17 silly publish      url: 'http://ahmed-badawy.com/' },
17 silly publish   license: 'ISC',
17 silly publish   bugs: { url: 'https://github.com/Ahmed-Badawy/Write-an-Open-Source-JavaScript-Library/issues' },
17 silly publish   homepage: 'https://github.com/Ahmed-Badawy/Write-an-Open-Source-JavaScript-Library#readme',
17 silly publish   dependencies: { 'unique-random-array': '1.0.0' },
17 silly publish   readme: '"# Write-an-Open-Source-JavaScript-Library" \r\n',
17 silly publish   readmeFilename: 'README.md',
17 silly publish   gitHead: 'cb829e47b79bb26938001d55f27799c6dc225e4c',
17 silly publish   _id: 'RetreveNumbers@1.0.0',
17 silly publish   _shasum: '6c6063c116bf8c8e75f0dffa4cb8e1298cf27085',
17 silly publish   _from: '.' }
18 verbose getPublishConfig undefined
19 silly mapToRegistry name RetreveNumbers
20 silly mapToRegistry using default registry
21 silly mapToRegistry registry https://registry.npmjs.org/
22 silly mapToRegistry uri https://registry.npmjs.org/RetreveNumbers
23 verbose publish registryBase https://registry.npmjs.org/
24 silly publish uploading C:\Users\courtaks\AppData\Roaming\npm-cache\RetreveNumbers\1.0.0\package.tgz
25 verbose request uri https://registry.npmjs.org/RetreveNumbers
26 verbose request sending authorization for write operation
27 info attempt registry request try #1 at 2:28:40 PM
28 verbose request using bearer token for auth
29 verbose request id 26ba8743d99c8467
30 http request PUT https://registry.npmjs.org/RetreveNumbers
31 http 403 https://registry.npmjs.org/RetreveNumbers
32 verbose headers { 'content-type': 'application/json',
32 verbose headers   'cache-control': 'max-age=300',
32 verbose headers   'content-length': '95',
32 verbose headers   'accept-ranges': 'bytes',
32 verbose headers   date: 'Sun, 25 Sep 2016 11:28:19 GMT',
32 verbose headers   via: '1.1 varnish',
32 verbose headers   connection: 'keep-alive',
32 verbose headers   'x-served-by': 'cache-lhr6339-LHR',
32 verbose headers   'x-cache': 'MISS',
32 verbose headers   'x-cache-hits': '0',
32 verbose headers   'x-timer': 'S1474802898.553374,VS0,VE866',
32 verbose headers   vary: 'Accept-Encoding' }
33 verbose request invalidating C:\Users\courtaks\AppData\Roaming\npm-cache\registry.npmjs.org\RetreveNumbers on PUT
34 error publish Failed PUT 403
35 verbose stack Error: "You cannot publish over the previously published version 1.0.0." : RetreveNumbers
35 verbose stack     at makeError (C:\Program Files\nodejs\node_modules\npm\node_modules\npm-registry-client\lib\request.js:263:12)
35 verbose stack     at CachingRegistryClient.<anonymous> (C:\Program Files\nodejs\node_modules\npm\node_modules\npm-registry-client\lib\request.js:251:14)
35 verbose stack     at Request._callback (C:\Program Files\nodejs\node_modules\npm\node_modules\npm-registry-client\lib\request.js:171:14)
35 verbose stack     at Request.self.callback (C:\Program Files\nodejs\node_modules\npm\node_modules\request\request.js:198:22)
35 verbose stack     at emitTwo (events.js:87:13)
35 verbose stack     at Request.emit (events.js:172:7)
35 verbose stack     at Request.<anonymous> (C:\Program Files\nodejs\node_modules\npm\node_modules\request\request.js:1073:14)
35 verbose stack     at emitOne (events.js:82:20)
35 verbose stack     at Request.emit (events.js:169:7)
35 verbose stack     at IncomingMessage.<anonymous> (C:\Program Files\nodejs\node_modules\npm\node_modules\request\request.js:1019:12)
36 verbose statusCode 403
37 verbose pkgid RetreveNumbers
38 verbose cwd E:\_Learning & Cources\_Web Development Cources\_EggHead.IO\JavaScript-Write an Open Source JavaScript Library\project
39 error Windows_NT 10.0.10586
40 error argv "C:\\Program Files\\nodejs\\node.exe" "C:\\Program Files\\nodejs\\node_modules\\npm\\bin\\npm-cli.js" "publish"
41 error node v4.1.2
42 error npm  v2.14.4
43 error code E403
44 error "You cannot publish over the previously published version 1.0.0." : RetreveNumbers
45 error If you need help, you may report this error at:
45 error     <https://github.com/npm/npm/issues>
46 verbose exit [ 1, true ]
